Determining if the pthread_create exist failed with the following output:
Change Dir: /home/edu/bibliotebot_burguer/build/CMakeFiles/CMakeTmp

Run Build Command:"/usr/bin/make" "cmTC_ac79f/fast"
/usr/bin/make -f CMakeFiles/cmTC_ac79f.dir/build.make CMakeFiles/cmTC_ac79f.dir/build
make[1]: se entra en el directorio '/home/edu/bibliotebot_burguer/build/CMakeFiles/CMakeTmp'
Building C object CMakeFiles/cmTC_ac79f.dir/CheckSymbolExists.c.o
/usr/bin/cc    -o CMakeFiles/cmTC_ac79f.dir/CheckSymbolExists.c.o   -c /home/edu/bibliotebot_burguer/build/CMakeFiles/CMakeTmp/CheckSymbolExists.c
Linking C executable cmTC_ac79f
/usr/bin/cmake -E cmake_link_script CMakeFiles/cmTC_ac79f.dir/link.txt --verbose=1
/usr/bin/cc      -rdynamic CMakeFiles/cmTC_ac79f.dir/CheckSymbolExists.c.o  -o cmTC_ac79f 
CMakeFiles/cmTC_ac79f.dir/CheckSymbolExists.c.o: En la función `main':
CheckSymbolExists.c:(.text+0x1b): referencia a `pthread_create' sin definir
collect2: error: ld returned 1 exit status
CMakeFiles/cmTC_ac79f.dir/build.make:97: fallo en las instrucciones para el objetivo 'cmTC_ac79f'
make[1]: *** [cmTC_ac79f] Error 1
make[1]: se sale del directorio '/home/edu/bibliotebot_burguer/build/CMakeFiles/CMakeTmp'
Makefile:126: fallo en las instrucciones para el objetivo 'cmTC_ac79f/fast'
make: *** [cmTC_ac79f/fast] Error 2

File /home/edu/bibliotebot_burguer/build/CMakeFiles/CMakeTmp/CheckSymbolExists.c:
/* */
#include <pthread.h>

int main(int argc, char** argv)
{
  (void)argv;
#ifndef pthread_create
  return ((int*)(&pthread_create))[argc];
#else
  (void)argc;
  return 0;
#endif
}

Determining if the function pthread_create exists in the pthreads failed with the following output:
Change Dir: /home/edu/bibliotebot_burguer/build/CMakeFiles/CMakeTmp

Run Build Command:"/usr/bin/make" "cmTC_86321/fast"
/usr/bin/make -f CMakeFiles/cmTC_86321.dir/build.make CMakeFiles/cmTC_86321.dir/build
make[1]: se entra en el directorio '/home/edu/bibliotebot_burguer/build/CMakeFiles/CMakeTmp'
Building C object CMakeFiles/cmTC_86321.dir/CheckFunctionExists.c.o
/usr/bin/cc   -DCHECK_FUNCTION_EXISTS=pthread_create   -o CMakeFiles/cmTC_86321.dir/CheckFunctionExists.c.o   -c /usr/share/cmake-3.10/Modules/CheckFunctionExists.c
Linking C executable cmTC_86321
/usr/bin/cmake -E cmake_link_script CMakeFiles/cmTC_86321.dir/link.txt --verbose=1
/usr/bin/cc  -DCHECK_FUNCTION_EXISTS=pthread_create    -rdynamic CMakeFiles/cmTC_86321.dir/CheckFunctionExists.c.o  -o cmTC_86321 -lpthreads 
/usr/bin/ld: no se puede encontrar -lpthreads
collect2: error: ld returned 1 exit status
CMakeFiles/cmTC_86321.dir/build.make:97: fallo en las instrucciones para el objetivo 'cmTC_86321'
make[1]: *** [cmTC_86321] Error 1
make[1]: se sale del directorio '/home/edu/bibliotebot_burguer/build/CMakeFiles/CMakeTmp'
Makefile:126: fallo en las instrucciones para el objetivo 'cmTC_86321/fast'
make: *** [cmTC_86321/fast] Error 2


